1522140192456	geckodriver	INFO	geckodriver 0.20.0
1522140192472	geckodriver	INFO	Listening on 127.0.0.1:49257
1522140194496	mozrunner::runner	INFO	Running command: "C:\\Program Files\\Mozilla Firefox\\firefox.exe" "-marionette" "-profile" "C:\\Users\\ZHANGH~1\\AppData\\Local\\Temp\\rust_mozprofile.XoC6w0BfVMcU"
Unable to read VR Path Registry from C:\Users\zhanghongliang\AppData\Local\openvr\openvrpaths.vrpath
1522140195538	Marionette	INFO	Enabled via --marionette
Unable to read VR Path Registry from C:\Users\zhanghongliang\AppData\Local\openvr\openvrpaths.vrpath
Unable to read VR Path Registry from C:\Users\zhanghongliang\AppData\Local\openvr\openvrpaths.vrpath
Unable to read VR Path Registry from C:\Users\zhanghongliang\AppData\Local\openvr\openvrpaths.vrpath
Unable to read VR Path Registry from C:\Users\zhanghongliang\AppData\Local\openvr\openvrpaths.vrpath
1522140197096	Marionette	INFO	Listening on port 49267
1522140197648	Marionette	WARN	TLS certificate errors will be ignored for this session
JavaScript error: http://rs.modernavenue.com/??bower_components/requirejs/require.min.js?v2.3.2,common/res/js/config.min.js?ef414e,bower_components/jquery-legacy/jquery.min.js?v1.7.1,common/res/js/global.min.js?3788a1,common/libs/header/script.min.js?a20145,mall/libs/detail/script.min.js?12e945,common/libs/login/script.min.js?2aa969, line 28: TypeError: c is undefined
[Parent 9592, Gecko_IOThread] WARNING: pipe error: 109: file z:/build/build/src/ipc/chromium/src/chrome/common/ipc_channel_win.cc, line 346
[Parent 9592, Gecko_IOThread] WARNING: pipe error: 109: file z:/build/build/src/ipc/chromium/src/chrome/common/ipc_channel_win.cc, line 346
[Child 11672, Chrome_ChildThread] WARNING: pipe error: 109: file z:/build/build/src/ipc/chromium/src/chrome/common/ipc_channel_win.cc, line 346
[Child 11672, Chrome_ChildThr[Child 12472, Chrome_ChildThread] WARNING: pipe error: 109: file z:/build/build/src/ipc/chromium/src/chrome/common/ipc_channel_win.cc, line 346
[Child 12472, Chrome_ChildThread] WAR[Parent 9592, Gecko_IOThread] WARNING: pipe error: 109: file z:/build/build/src/ipc/chromium/src/chrome/common/ipc_channel_win.cc, line 346
*** UTM:SVC TimerManager:registerTimer called after profile-before-change notification. Ignoring timer registration for id: telemetry_modules_ping

###!!! [Child][MessageChannel::SendAndWait] Error: Channel error: cannot send/recv

1522140241103	geckodriver	INFO	geckodriver 0.20.0
1522140241103	geckodriver	INFO	Listening on 127.0.0.1:49463
1522140243105	mozrunner::runner	INFO	Running command: "C:\\Program Files\\Mozilla Firefox\\firefox.exe" "-marionette" "-profile" "C:\\Users\\ZHANGH~1\\AppData\\Local\\Temp\\rust_mozprofile.bWNEZ1wcYVIm"
Unable to read VR Path Registry from C:\Users\zhanghongliang\AppData\Local\openvr\openvrpaths.vrpath
1522140243594	Marionette	INFO	Enabled via --marionette
Unable to read VR Path Registry from C:\Users\zhanghongliang\AppData\Local\openvr\openvrpaths.vrpath
Unable to read VR Path Registry from C:\Users\zhanghongliang\AppData\Local\openvr\openvrpaths.vrpath
Unable to read VR Path Registry from C:\Users\zhanghongliang\AppData\Local\openvr\openvrpaths.vrpath
Unable to read VR Path Registry from C:\Users\zhanghongliang\AppData\Local\openvr\openvrpaths.vrpath
1522140244870	Marionette	INFO	Listening on port 49477
1522140245146	Marionette	WARN	TLS certificate errors will be ignored for this session
[Child 2116, Chrome_ChildThread] WARNING: pipe error: 109: file z:/build/build/src/ipc/chromium/src/chrome/common/ipc_channel_win.cc, line 346
[Child 2116, Chrome_ChildThread][Parent 7256, Gecko_IOThread] WARNING: pipe error: 109: file z:/build/build/src/ipc/chromium/src/chrome/common/ipc_channel_win.cc, line 346
*** UTM:SVC TimerManager:registerTimer called after profile-before-change notification. Ignoring timer registration for id: telemetry_modules_ping

###!!! [Child][MessageChannel::SendAndWait] Error: Channel error: cannot send/recv

1522140262543	geckodriver	INFO	geckodriver 0.20.0
1522140262558	geckodriver	INFO	Listening on 127.0.0.1:49550
1522140264575	mozrunner::runner	INFO	Running command: "C:\\Program Files\\Mozilla Firefox\\firefox.exe" "-marionette" "-profile" "C:\\Users\\ZHANGH~1\\AppData\\Local\\Temp\\rust_mozprofile.jsh4inFY7Upu"
Unable to read VR Path Registry from C:\Users\zhanghongliang\AppData\Local\openvr\openvrpaths.vrpath
1522140265066	Marionette	INFO	Enabled via --marionette
Unable to read VR Path Registry from C:\Users\zhanghongliang\AppData\Local\openvr\openvrpaths.vrpath
Unable to read VR Path Registry from C:\Users\zhanghongliang\AppData\Local\openvr\openvrpaths.vrpath
Unable to read VR Path Registry from C:\Users\zhanghongliang\AppData\Local\openvr\openvrpaths.vrpath
Unable to read VR Path Registry from C:\Users\zhanghongliang\AppData\Local\openvr\openvrpaths.vrpath
1522140266396	Marionette	INFO	Listening on port 49558
1522140266632	Marionette	WARN	TLS certificate errors will be ignored for this session
JavaScript error: http://rs.modernavenue.com/??bower_components/requirejs/require.min.js?v2.3.2,common/res/js/config.min.js?ef414e,bower_components/jquery-legacy/jquery.min.js?v1.7.1,common/res/js/global.min.js?3788a1,common/libs/header/script.min.js?a20145,mall/libs/detail/script.min.js?12e945,common/libs/login/script.min.js?2aa969, line 28: TypeError: c is undefined
JavaScript error: https://ss1.bdstatic.com/5eN1bjq8AAUYm2zgoY3K/r/www/cache/static/protocol/https/plugins/every_cookie_4644b13.js, line 4: ReferenceError: c is not defined

###!!! [Child][MessageChannel::SendAndWait] Error: Channel error: cannot send/recv

