[INFO  - 2018-03-29T08:57:06.298Z] GhostDriver - Main - running on port 60985
[INFO  - 2018-03-29T08:57:09.791Z] Session [2a1d6890-332f-11e8-b0f1-edb2a522bfdc] - page.settings - {"XSSAuditingEnabled":false,"javascriptCanCloseWindows":true,"javascriptCanOpenWindows":true,"javascriptEnabled":true,"loadImages":false,"localToRemoteUrlAccessEnabled":false,"userAgent":"Mozilla/5.0 (Windows NT 6.2; WOW64) AppleWebKit/538.1 (KHTML, like Gecko) PhantomJS/2.1.1 Safari/538.1","webSecurityEnabled":true}
[INFO  - 2018-03-29T08:57:09.791Z] Session [2a1d6890-332f-11e8-b0f1-edb2a522bfdc] - page.customHeaders:  - {"Accept":"*/*","Accept-Language":"en-US,en;q=0.8","Cache-Control":"max-age=0","Connection":"keep-alive","User-Agent":"Mozilla/5.0 (Macintosh; Intel Mac OS X 10_10_1) AppleWebKit/537.36 (KHTML, like Gecko) Chrome/39.0.2171.95 Safari/537.36"}
[INFO  - 2018-03-29T08:57:09.792Z] Session [2a1d6890-332f-11e8-b0f1-edb2a522bfdc] - Session.negotiatedCapabilities - {"browserName":"phantomjs","version":"2.1.1","driverName":"ghostdriver","driverVersion":"1.2.0","platform":"windows-10-32bit","javascriptEnabled":true,"takesScreenshot":true,"handlesAlerts":false,"databaseEnabled":false,"locationContextEnabled":false,"applicationCacheEnabled":false,"browserConnectionEnabled":false,"cssSelectorsEnabled":true,"webStorageEnabled":false,"rotatable":false,"acceptSslCerts":false,"nativeEvents":true,"proxy":{"proxyType":"direct"},"phantomjs.page.customHeaders.Accept":"*/*","phantomjs.page.customHeaders.Accept-Language":"en-US,en;q=0.8","phantomjs.page.customHeaders.Cache-Control":"max-age=0","phantomjs.page.customHeaders.User-Agent":"Mozilla/5.0 (Macintosh; Intel Mac OS X 10_10_1) AppleWebKit/537.36 (KHTML, like Gecko) Chrome/39.0.2171.95 Safari/537.36","phantomjs.page.customHeaders.Connection":"keep-alive"}
[INFO  - 2018-03-29T08:57:09.792Z] SessionManagerReqHand - _postNewSessionCommand - New Session Created: 2a1d6890-332f-11e8-b0f1-edb2a522bfdc
[ERROR - 2018-03-29T08:57:12.277Z] Session [2a1d6890-332f-11e8-b0f1-edb2a522bfdc] - page.onError - msg: TypeError: undefined is not an object (evaluating 'c.url')

  phantomjs://platform/console++.js:263 in error
[ERROR - 2018-03-29T08:57:12.277Z] Session [2a1d6890-332f-11e8-b0f1-edb2a522bfdc] - page.onError - stack:
  success (http://rs.modernavenue.com/??bower_components/requirejs/require.min.js?v2.3.2,common/res/js/config.min.js?ef414e,bower_components/jquery-legacy/jquery.min.js?v1.7.1,common/res/js/global.min.js?3788a1,common/libs/header/script.min.js?a20145,mall/libs/detail/script.min.js?12e945,common/libs/login/script.min.js?2aa969:28)
  f (http://rs.modernavenue.com/??bower_components/requirejs/require.min.js?v2.3.2,common/res/js/config.min.js?ef414e,bower_components/jquery-legacy/jquery.min.js?v1.7.1,common/res/js/global.min.js?3788a1,common/libs/header/script.min.js?a20145,mall/libs/detail/script.min.js?12e945,common/libs/login/script.min.js?2aa969:20)
  fireWith (http://rs.modernavenue.com/??bower_components/requirejs/require.min.js?v2.3.2,common/res/js/config.min.js?ef414e,bower_components/jquery-legacy/jquery.min.js?v1.7.1,common/res/js/global.min.js?3788a1,common/libs/header/script.min.js?a20145,mall/libs/detail/script.min.js?12e945,common/libs/login/script.min.js?2aa969:20)
  r (http://rs.modernavenue.com/??bower_components/requirejs/require.min.js?v2.3.2,common/res/js/config.min.js?ef414e,bower_components/jquery-legacy/jquery.min.js?v1.7.1,common/res/js/global.min.js?3788a1,common/libs/header/script.min.js?a20145,mall/libs/detail/script.min.js?12e945,common/libs/login/script.min.js?2aa969:28)
  r (http://rs.modernavenue.com/??bower_components/requirejs/require.min.js?v2.3.2,common/res/js/config.min.js?ef414e,bower_components/jquery-legacy/jquery.min.js?v1.7.1,common/res/js/global.min.js?3788a1,common/libs/header/script.min.js?a20145,mall/libs/detail/script.min.js?12e945,common/libs/login/script.min.js?2aa969:28)

  phantomjs://platform/console++.js:263 in error
[ERROR - 2018-03-29T08:57:14.295Z] Session [2a1d6890-332f-11e8-b0f1-edb2a522bfdc] - page.onError - msg: TypeError: undefined is not an object (evaluating 'c.url')

  phantomjs://platform/console++.js:263 in error
[ERROR - 2018-03-29T08:57:14.296Z] Session [2a1d6890-332f-11e8-b0f1-edb2a522bfdc] - page.onError - stack:
  success (http://rs.modernavenue.com/??bower_components/requirejs/require.min.js?v2.3.2,common/res/js/config.min.js?ef414e,bower_components/jquery-legacy/jquery.min.js?v1.7.1,common/res/js/global.min.js?3788a1,common/libs/header/script.min.js?a20145,mall/libs/detail/script.min.js?12e945,common/libs/login/script.min.js?2aa969:28)
  f (http://rs.modernavenue.com/??bower_components/requirejs/require.min.js?v2.3.2,common/res/js/config.min.js?ef414e,bower_components/jquery-legacy/jquery.min.js?v1.7.1,common/res/js/global.min.js?3788a1,common/libs/header/script.min.js?a20145,mall/libs/detail/script.min.js?12e945,common/libs/login/script.min.js?2aa969:20)
  fireWith (http://rs.modernavenue.com/??bower_components/requirejs/require.min.js?v2.3.2,common/res/js/config.min.js?ef414e,bower_components/jquery-legacy/jquery.min.js?v1.7.1,common/res/js/global.min.js?3788a1,common/libs/header/script.min.js?a20145,mall/libs/detail/script.min.js?12e945,common/libs/login/script.min.js?2aa969:20)
  r (http://rs.modernavenue.com/??bower_components/requirejs/require.min.js?v2.3.2,common/res/js/config.min.js?ef414e,bower_components/jquery-legacy/jquery.min.js?v1.7.1,common/res/js/global.min.js?3788a1,common/libs/header/script.min.js?a20145,mall/libs/detail/script.min.js?12e945,common/libs/login/script.min.js?2aa969:28)
  r (http://rs.modernavenue.com/??bower_components/requirejs/require.min.js?v2.3.2,common/res/js/config.min.js?ef414e,bower_components/jquery-legacy/jquery.min.js?v1.7.1,common/res/js/global.min.js?3788a1,common/libs/header/script.min.js?a20145,mall/libs/detail/script.min.js?12e945,common/libs/login/script.min.js?2aa969:28)

  phantomjs://platform/console++.js:263 in error
[ERROR - 2018-03-29T08:57:17.203Z] Session [2a1d6890-332f-11e8-b0f1-edb2a522bfdc] - page.onError - msg: TypeError: undefined is not an object (evaluating 'c.url')

  phantomjs://platform/console++.js:263 in error
[ERROR - 2018-03-29T08:57:17.203Z] Session [2a1d6890-332f-11e8-b0f1-edb2a522bfdc] - page.onError - stack:
  success (http://rs.modernavenue.com/??bower_components/requirejs/require.min.js?v2.3.2,common/res/js/config.min.js?ef414e,bower_components/jquery-legacy/jquery.min.js?v1.7.1,common/res/js/global.min.js?3788a1,common/libs/header/script.min.js?a20145,mall/libs/detail/script.min.js?12e945,common/libs/login/script.min.js?2aa969:28)
  f (http://rs.modernavenue.com/??bower_components/requirejs/require.min.js?v2.3.2,common/res/js/config.min.js?ef414e,bower_components/jquery-legacy/jquery.min.js?v1.7.1,common/res/js/global.min.js?3788a1,common/libs/header/script.min.js?a20145,mall/libs/detail/script.min.js?12e945,common/libs/login/script.min.js?2aa969:20)
  fireWith (http://rs.modernavenue.com/??bower_components/requirejs/require.min.js?v2.3.2,common/res/js/config.min.js?ef414e,bower_components/jquery-legacy/jquery.min.js?v1.7.1,common/res/js/global.min.js?3788a1,common/libs/header/script.min.js?a20145,mall/libs/detail/script.min.js?12e945,common/libs/login/script.min.js?2aa969:20)
  r (http://rs.modernavenue.com/??bower_components/requirejs/require.min.js?v2.3.2,common/res/js/config.min.js?ef414e,bower_components/jquery-legacy/jquery.min.js?v1.7.1,common/res/js/global.min.js?3788a1,common/libs/header/script.min.js?a20145,mall/libs/detail/script.min.js?12e945,common/libs/login/script.min.js?2aa969:28)
  r (http://rs.modernavenue.com/??bower_components/requirejs/require.min.js?v2.3.2,common/res/js/config.min.js?ef414e,bower_components/jquery-legacy/jquery.min.js?v1.7.1,common/res/js/global.min.js?3788a1,common/libs/header/script.min.js?a20145,mall/libs/detail/script.min.js?12e945,common/libs/login/script.min.js?2aa969:28)

  phantomjs://platform/console++.js:263 in error
[ERROR - 2018-03-29T08:57:19.926Z] Session [2a1d6890-332f-11e8-b0f1-edb2a522bfdc] - page.onError - msg: TypeError: undefined is not an object (evaluating 'c.url')

  phantomjs://platform/console++.js:263 in error
[ERROR - 2018-03-29T08:57:19.926Z] Session [2a1d6890-332f-11e8-b0f1-edb2a522bfdc] - page.onError - stack:
  success (http://rs.modernavenue.com/??bower_components/requirejs/require.min.js?v2.3.2,common/res/js/config.min.js?ef414e,bower_components/jquery-legacy/jquery.min.js?v1.7.1,common/res/js/global.min.js?3788a1,common/libs/header/script.min.js?a20145,mall/libs/detail/script.min.js?12e945,common/libs/login/script.min.js?2aa969:28)
  f (http://rs.modernavenue.com/??bower_components/requirejs/require.min.js?v2.3.2,common/res/js/config.min.js?ef414e,bower_components/jquery-legacy/jquery.min.js?v1.7.1,common/res/js/global.min.js?3788a1,common/libs/header/script.min.js?a20145,mall/libs/detail/script.min.js?12e945,common/libs/login/script.min.js?2aa969:20)
  fireWith (http://rs.modernavenue.com/??bower_components/requirejs/require.min.js?v2.3.2,common/res/js/config.min.js?ef414e,bower_components/jquery-legacy/jquery.min.js?v1.7.1,common/res/js/global.min.js?3788a1,common/libs/header/script.min.js?a20145,mall/libs/detail/script.min.js?12e945,common/libs/login/script.min.js?2aa969:20)
  r (http://rs.modernavenue.com/??bower_components/requirejs/require.min.js?v2.3.2,common/res/js/config.min.js?ef414e,bower_components/jquery-legacy/jquery.min.js?v1.7.1,common/res/js/global.min.js?3788a1,common/libs/header/script.min.js?a20145,mall/libs/detail/script.min.js?12e945,common/libs/login/script.min.js?2aa969:28)
  r (http://rs.modernavenue.com/??bower_components/requirejs/require.min.js?v2.3.2,common/res/js/config.min.js?ef414e,bower_components/jquery-legacy/jquery.min.js?v1.7.1,common/res/js/global.min.js?3788a1,common/libs/header/script.min.js?a20145,mall/libs/detail/script.min.js?12e945,common/libs/login/script.min.js?2aa969:28)

  phantomjs://platform/console++.js:263 in error
[ERROR - 2018-03-29T08:57:21.699Z] Session [2a1d6890-332f-11e8-b0f1-edb2a522bfdc] - page.onError - msg: TypeError: undefined is not an object (evaluating 'c.url')

  phantomjs://platform/console++.js:263 in error
[ERROR - 2018-03-29T08:57:21.699Z] Session [2a1d6890-332f-11e8-b0f1-edb2a522bfdc] - page.onError - stack:
  success (http://rs.modernavenue.com/??bower_components/requirejs/require.min.js?v2.3.2,common/res/js/config.min.js?ef414e,bower_components/jquery-legacy/jquery.min.js?v1.7.1,common/res/js/global.min.js?3788a1,common/libs/header/script.min.js?a20145,mall/libs/detail/script.min.js?12e945,common/libs/login/script.min.js?2aa969:28)
  f (http://rs.modernavenue.com/??bower_components/requirejs/require.min.js?v2.3.2,common/res/js/config.min.js?ef414e,bower_components/jquery-legacy/jquery.min.js?v1.7.1,common/res/js/global.min.js?3788a1,common/libs/header/script.min.js?a20145,mall/libs/detail/script.min.js?12e945,common/libs/login/script.min.js?2aa969:20)
  fireWith (http://rs.modernavenue.com/??bower_components/requirejs/require.min.js?v2.3.2,common/res/js/config.min.js?ef414e,bower_components/jquery-legacy/jquery.min.js?v1.7.1,common/res/js/global.min.js?3788a1,common/libs/header/script.min.js?a20145,mall/libs/detail/script.min.js?12e945,common/libs/login/script.min.js?2aa969:20)
  r (http://rs.modernavenue.com/??bower_components/requirejs/require.min.js?v2.3.2,common/res/js/config.min.js?ef414e,bower_components/jquery-legacy/jquery.min.js?v1.7.1,common/res/js/global.min.js?3788a1,common/libs/header/script.min.js?a20145,mall/libs/detail/script.min.js?12e945,common/libs/login/script.min.js?2aa969:28)
  r (http://rs.modernavenue.com/??bower_components/requirejs/require.min.js?v2.3.2,common/res/js/config.min.js?ef414e,bower_components/jquery-legacy/jquery.min.js?v1.7.1,common/res/js/global.min.js?3788a1,common/libs/header/script.min.js?a20145,mall/libs/detail/script.min.js?12e945,common/libs/login/script.min.js?2aa969:28)

  phantomjs://platform/console++.js:263 in error
[ERROR - 2018-03-29T08:57:24.563Z] Session [2a1d6890-332f-11e8-b0f1-edb2a522bfdc] - page.onError - msg: TypeError: undefined is not an object (evaluating 'c.url')

  phantomjs://platform/console++.js:263 in error
[ERROR - 2018-03-29T08:57:24.563Z] Session [2a1d6890-332f-11e8-b0f1-edb2a522bfdc] - page.onError - stack:
  success (http://rs.modernavenue.com/??bower_components/requirejs/require.min.js?v2.3.2,common/res/js/config.min.js?ef414e,bower_components/jquery-legacy/jquery.min.js?v1.7.1,common/res/js/global.min.js?3788a1,common/libs/header/script.min.js?a20145,mall/libs/detail/script.min.js?12e945,common/libs/login/script.min.js?2aa969:28)
  f (http://rs.modernavenue.com/??bower_components/requirejs/require.min.js?v2.3.2,common/res/js/config.min.js?ef414e,bower_components/jquery-legacy/jquery.min.js?v1.7.1,common/res/js/global.min.js?3788a1,common/libs/header/script.min.js?a20145,mall/libs/detail/script.min.js?12e945,common/libs/login/script.min.js?2aa969:20)
  fireWith (http://rs.modernavenue.com/??bower_components/requirejs/require.min.js?v2.3.2,common/res/js/config.min.js?ef414e,bower_components/jquery-legacy/jquery.min.js?v1.7.1,common/res/js/global.min.js?3788a1,common/libs/header/script.min.js?a20145,mall/libs/detail/script.min.js?12e945,common/libs/login/script.min.js?2aa969:20)
  r (http://rs.modernavenue.com/??bower_components/requirejs/require.min.js?v2.3.2,common/res/js/config.min.js?ef414e,bower_components/jquery-legacy/jquery.min.js?v1.7.1,common/res/js/global.min.js?3788a1,common/libs/header/script.min.js?a20145,mall/libs/detail/script.min.js?12e945,common/libs/login/script.min.js?2aa969:28)
  r (http://rs.modernavenue.com/??bower_components/requirejs/require.min.js?v2.3.2,common/res/js/config.min.js?ef414e,bower_components/jquery-legacy/jquery.min.js?v1.7.1,common/res/js/global.min.js?3788a1,common/libs/header/script.min.js?a20145,mall/libs/detail/script.min.js?12e945,common/libs/login/script.min.js?2aa969:28)

  phantomjs://platform/console++.js:263 in error
[ERROR - 2018-03-29T08:57:27.752Z] Session [2a1d6890-332f-11e8-b0f1-edb2a522bfdc] - page.onError - msg: TypeError: undefined is not an object (evaluating 'c.url')

  phantomjs://platform/console++.js:263 in error
[ERROR - 2018-03-29T08:57:27.753Z] Session [2a1d6890-332f-11e8-b0f1-edb2a522bfdc] - page.onError - stack:
  success (http://rs.modernavenue.com/??bower_components/requirejs/require.min.js?v2.3.2,common/res/js/config.min.js?ef414e,bower_components/jquery-legacy/jquery.min.js?v1.7.1,common/res/js/global.min.js?3788a1,common/libs/header/script.min.js?a20145,mall/libs/detail/script.min.js?12e945,common/libs/login/script.min.js?2aa969:28)
  f (http://rs.modernavenue.com/??bower_components/requirejs/require.min.js?v2.3.2,common/res/js/config.min.js?ef414e,bower_components/jquery-legacy/jquery.min.js?v1.7.1,common/res/js/global.min.js?3788a1,common/libs/header/script.min.js?a20145,mall/libs/detail/script.min.js?12e945,common/libs/login/script.min.js?2aa969:20)
  fireWith (http://rs.modernavenue.com/??bower_components/requirejs/require.min.js?v2.3.2,common/res/js/config.min.js?ef414e,bower_components/jquery-legacy/jquery.min.js?v1.7.1,common/res/js/global.min.js?3788a1,common/libs/header/script.min.js?a20145,mall/libs/detail/script.min.js?12e945,common/libs/login/script.min.js?2aa969:20)
  r (http://rs.modernavenue.com/??bower_components/requirejs/require.min.js?v2.3.2,common/res/js/config.min.js?ef414e,bower_components/jquery-legacy/jquery.min.js?v1.7.1,common/res/js/global.min.js?3788a1,common/libs/header/script.min.js?a20145,mall/libs/detail/script.min.js?12e945,common/libs/login/script.min.js?2aa969:28)
  r (http://rs.modernavenue.com/??bower_components/requirejs/require.min.js?v2.3.2,common/res/js/config.min.js?ef414e,bower_components/jquery-legacy/jquery.min.js?v1.7.1,common/res/js/global.min.js?3788a1,common/libs/header/script.min.js?a20145,mall/libs/detail/script.min.js?12e945,common/libs/login/script.min.js?2aa969:28)

  phantomjs://platform/console++.js:263 in error
[ERROR - 2018-03-29T08:57:30.094Z] Session [2a1d6890-332f-11e8-b0f1-edb2a522bfdc] - page.onError - msg: TypeError: undefined is not an object (evaluating 'c.url')

  phantomjs://platform/console++.js:263 in error
[ERROR - 2018-03-29T08:57:30.094Z] Session [2a1d6890-332f-11e8-b0f1-edb2a522bfdc] - page.onError - stack:
  success (http://rs.modernavenue.com/??bower_components/requirejs/require.min.js?v2.3.2,common/res/js/config.min.js?ef414e,bower_components/jquery-legacy/jquery.min.js?v1.7.1,common/res/js/global.min.js?3788a1,common/libs/header/script.min.js?a20145,mall/libs/detail/script.min.js?12e945,common/libs/login/script.min.js?2aa969:28)
  f (http://rs.modernavenue.com/??bower_components/requirejs/require.min.js?v2.3.2,common/res/js/config.min.js?ef414e,bower_components/jquery-legacy/jquery.min.js?v1.7.1,common/res/js/global.min.js?3788a1,common/libs/header/script.min.js?a20145,mall/libs/detail/script.min.js?12e945,common/libs/login/script.min.js?2aa969:20)
  fireWith (http://rs.modernavenue.com/??bower_components/requirejs/require.min.js?v2.3.2,common/res/js/config.min.js?ef414e,bower_components/jquery-legacy/jquery.min.js?v1.7.1,common/res/js/global.min.js?3788a1,common/libs/header/script.min.js?a20145,mall/libs/detail/script.min.js?12e945,common/libs/login/script.min.js?2aa969:20)
  r (http://rs.modernavenue.com/??bower_components/requirejs/require.min.js?v2.3.2,common/res/js/config.min.js?ef414e,bower_components/jquery-legacy/jquery.min.js?v1.7.1,common/res/js/global.min.js?3788a1,common/libs/header/script.min.js?a20145,mall/libs/detail/script.min.js?12e945,common/libs/login/script.min.js?2aa969:28)
  r (http://rs.modernavenue.com/??bower_components/requirejs/require.min.js?v2.3.2,common/res/js/config.min.js?ef414e,bower_components/jquery-legacy/jquery.min.js?v1.7.1,common/res/js/global.min.js?3788a1,common/libs/header/script.min.js?a20145,mall/libs/detail/script.min.js?12e945,common/libs/login/script.min.js?2aa969:28)

  phantomjs://platform/console++.js:263 in error
[ERROR - 2018-03-29T08:57:32.708Z] Session [2a1d6890-332f-11e8-b0f1-edb2a522bfdc] - page.onError - msg: TypeError: undefined is not an object (evaluating 'c.url')

  phantomjs://platform/console++.js:263 in error
[ERROR - 2018-03-29T08:57:32.709Z] Session [2a1d6890-332f-11e8-b0f1-edb2a522bfdc] - page.onError - stack:
  success (http://rs.modernavenue.com/??bower_components/requirejs/require.min.js?v2.3.2,common/res/js/config.min.js?ef414e,bower_components/jquery-legacy/jquery.min.js?v1.7.1,common/res/js/global.min.js?3788a1,common/libs/header/script.min.js?a20145,mall/libs/detail/script.min.js?12e945,common/libs/login/script.min.js?2aa969:28)
  f (http://rs.modernavenue.com/??bower_components/requirejs/require.min.js?v2.3.2,common/res/js/config.min.js?ef414e,bower_components/jquery-legacy/jquery.min.js?v1.7.1,common/res/js/global.min.js?3788a1,common/libs/header/script.min.js?a20145,mall/libs/detail/script.min.js?12e945,common/libs/login/script.min.js?2aa969:20)
  fireWith (http://rs.modernavenue.com/??bower_components/requirejs/require.min.js?v2.3.2,common/res/js/config.min.js?ef414e,bower_components/jquery-legacy/jquery.min.js?v1.7.1,common/res/js/global.min.js?3788a1,common/libs/header/script.min.js?a20145,mall/libs/detail/script.min.js?12e945,common/libs/login/script.min.js?2aa969:20)
  r (http://rs.modernavenue.com/??bower_components/requirejs/require.min.js?v2.3.2,common/res/js/config.min.js?ef414e,bower_components/jquery-legacy/jquery.min.js?v1.7.1,common/res/js/global.min.js?3788a1,common/libs/header/script.min.js?a20145,mall/libs/detail/script.min.js?12e945,common/libs/login/script.min.js?2aa969:28)
  r (http://rs.modernavenue.com/??bower_components/requirejs/require.min.js?v2.3.2,common/res/js/config.min.js?ef414e,bower_components/jquery-legacy/jquery.min.js?v1.7.1,common/res/js/global.min.js?3788a1,common/libs/header/script.min.js?a20145,mall/libs/detail/script.min.js?12e945,common/libs/login/script.min.js?2aa969:28)

  phantomjs://platform/console++.js:263 in error
[ERROR - 2018-03-29T08:57:35.070Z] Session [2a1d6890-332f-11e8-b0f1-edb2a522bfdc] - page.onError - msg: TypeError: undefined is not an object (evaluating 'c.url')

  phantomjs://platform/console++.js:263 in error
[ERROR - 2018-03-29T08:57:35.070Z] Session [2a1d6890-332f-11e8-b0f1-edb2a522bfdc] - page.onError - stack:
  success (http://rs.modernavenue.com/??bower_components/requirejs/require.min.js?v2.3.2,common/res/js/config.min.js?ef414e,bower_components/jquery-legacy/jquery.min.js?v1.7.1,common/res/js/global.min.js?3788a1,common/libs/header/script.min.js?a20145,mall/libs/detail/script.min.js?12e945,common/libs/login/script.min.js?2aa969:28)
  f (http://rs.modernavenue.com/??bower_components/requirejs/require.min.js?v2.3.2,common/res/js/config.min.js?ef414e,bower_components/jquery-legacy/jquery.min.js?v1.7.1,common/res/js/global.min.js?3788a1,common/libs/header/script.min.js?a20145,mall/libs/detail/script.min.js?12e945,common/libs/login/script.min.js?2aa969:20)
  fireWith (http://rs.modernavenue.com/??bower_components/requirejs/require.min.js?v2.3.2,common/res/js/config.min.js?ef414e,bower_components/jquery-legacy/jquery.min.js?v1.7.1,common/res/js/global.min.js?3788a1,common/libs/header/script.min.js?a20145,mall/libs/detail/script.min.js?12e945,common/libs/login/script.min.js?2aa969:20)
  r (http://rs.modernavenue.com/??bower_components/requirejs/require.min.js?v2.3.2,common/res/js/config.min.js?ef414e,bower_components/jquery-legacy/jquery.min.js?v1.7.1,common/res/js/global.min.js?3788a1,common/libs/header/script.min.js?a20145,mall/libs/detail/script.min.js?12e945,common/libs/login/script.min.js?2aa969:28)
  r (http://rs.modernavenue.com/??bower_components/requirejs/require.min.js?v2.3.2,common/res/js/config.min.js?ef414e,bower_components/jquery-legacy/jquery.min.js?v1.7.1,common/res/js/global.min.js?3788a1,common/libs/header/script.min.js?a20145,mall/libs/detail/script.min.js?12e945,common/libs/login/script.min.js?2aa969:28)

  phantomjs://platform/console++.js:263 in error
[ERROR - 2018-03-29T08:57:38.083Z] Session [2a1d6890-332f-11e8-b0f1-edb2a522bfdc] - page.onError - msg: TypeError: undefined is not an object (evaluating 'c.url')

  phantomjs://platform/console++.js:263 in error
[ERROR - 2018-03-29T08:57:38.083Z] Session [2a1d6890-332f-11e8-b0f1-edb2a522bfdc] - page.onError - stack:
  success (http://rs.modernavenue.com/??bower_components/requirejs/require.min.js?v2.3.2,common/res/js/config.min.js?ef414e,bower_components/jquery-legacy/jquery.min.js?v1.7.1,common/res/js/global.min.js?3788a1,common/libs/header/script.min.js?a20145,mall/libs/detail/script.min.js?12e945,common/libs/login/script.min.js?2aa969:28)
  f (http://rs.modernavenue.com/??bower_components/requirejs/require.min.js?v2.3.2,common/res/js/config.min.js?ef414e,bower_components/jquery-legacy/jquery.min.js?v1.7.1,common/res/js/global.min.js?3788a1,common/libs/header/script.min.js?a20145,mall/libs/detail/script.min.js?12e945,common/libs/login/script.min.js?2aa969:20)
  fireWith (http://rs.modernavenue.com/??bower_components/requirejs/require.min.js?v2.3.2,common/res/js/config.min.js?ef414e,bower_components/jquery-legacy/jquery.min.js?v1.7.1,common/res/js/global.min.js?3788a1,common/libs/header/script.min.js?a20145,mall/libs/detail/script.min.js?12e945,common/libs/login/script.min.js?2aa969:20)
  r (http://rs.modernavenue.com/??bower_components/requirejs/require.min.js?v2.3.2,common/res/js/config.min.js?ef414e,bower_components/jquery-legacy/jquery.min.js?v1.7.1,common/res/js/global.min.js?3788a1,common/libs/header/script.min.js?a20145,mall/libs/detail/script.min.js?12e945,common/libs/login/script.min.js?2aa969:28)
  r (http://rs.modernavenue.com/??bower_components/requirejs/require.min.js?v2.3.2,common/res/js/config.min.js?ef414e,bower_components/jquery-legacy/jquery.min.js?v1.7.1,common/res/js/global.min.js?3788a1,common/libs/header/script.min.js?a20145,mall/libs/detail/script.min.js?12e945,common/libs/login/script.min.js?2aa969:28)

  phantomjs://platform/console++.js:263 in error
[ERROR - 2018-03-29T08:57:40.051Z] Session [2a1d6890-332f-11e8-b0f1-edb2a522bfdc] - page.onError - msg: TypeError: undefined is not an object (evaluating 'c.url')

  phantomjs://platform/console++.js:263 in error
[ERROR - 2018-03-29T08:57:40.051Z] Session [2a1d6890-332f-11e8-b0f1-edb2a522bfdc] - page.onError - stack:
  success (http://rs.modernavenue.com/??bower_components/requirejs/require.min.js?v2.3.2,common/res/js/config.min.js?ef414e,bower_components/jquery-legacy/jquery.min.js?v1.7.1,common/res/js/global.min.js?3788a1,common/libs/header/script.min.js?a20145,mall/libs/detail/script.min.js?12e945,common/libs/login/script.min.js?2aa969:28)
  f (http://rs.modernavenue.com/??bower_components/requirejs/require.min.js?v2.3.2,common/res/js/config.min.js?ef414e,bower_components/jquery-legacy/jquery.min.js?v1.7.1,common/res/js/global.min.js?3788a1,common/libs/header/script.min.js?a20145,mall/libs/detail/script.min.js?12e945,common/libs/login/script.min.js?2aa969:20)
  fireWith (http://rs.modernavenue.com/??bower_components/requirejs/require.min.js?v2.3.2,common/res/js/config.min.js?ef414e,bower_components/jquery-legacy/jquery.min.js?v1.7.1,common/res/js/global.min.js?3788a1,common/libs/header/script.min.js?a20145,mall/libs/detail/script.min.js?12e945,common/libs/login/script.min.js?2aa969:20)
  r (http://rs.modernavenue.com/??bower_components/requirejs/require.min.js?v2.3.2,common/res/js/config.min.js?ef414e,bower_components/jquery-legacy/jquery.min.js?v1.7.1,common/res/js/global.min.js?3788a1,common/libs/header/script.min.js?a20145,mall/libs/detail/script.min.js?12e945,common/libs/login/script.min.js?2aa969:28)
  r (http://rs.modernavenue.com/??bower_components/requirejs/require.min.js?v2.3.2,common/res/js/config.min.js?ef414e,bower_components/jquery-legacy/jquery.min.js?v1.7.1,common/res/js/global.min.js?3788a1,common/libs/header/script.min.js?a20145,mall/libs/detail/script.min.js?12e945,common/libs/login/script.min.js?2aa969:28)

  phantomjs://platform/console++.js:263 in error
[ERROR - 2018-03-29T08:57:42.751Z] Session [2a1d6890-332f-11e8-b0f1-edb2a522bfdc] - page.onError - msg: TypeError: undefined is not an object (evaluating 'c.url')

  phantomjs://platform/console++.js:263 in error
[ERROR - 2018-03-29T08:57:42.752Z] Session [2a1d6890-332f-11e8-b0f1-edb2a522bfdc] - page.onError - stack:
  success (http://rs.modernavenue.com/??bower_components/requirejs/require.min.js?v2.3.2,common/res/js/config.min.js?ef414e,bower_components/jquery-legacy/jquery.min.js?v1.7.1,common/res/js/global.min.js?3788a1,common/libs/header/script.min.js?a20145,mall/libs/detail/script.min.js?12e945,common/libs/login/script.min.js?2aa969:28)
  f (http://rs.modernavenue.com/??bower_components/requirejs/require.min.js?v2.3.2,common/res/js/config.min.js?ef414e,bower_components/jquery-legacy/jquery.min.js?v1.7.1,common/res/js/global.min.js?3788a1,common/libs/header/script.min.js?a20145,mall/libs/detail/script.min.js?12e945,common/libs/login/script.min.js?2aa969:20)
  fireWith (http://rs.modernavenue.com/??bower_components/requirejs/require.min.js?v2.3.2,common/res/js/config.min.js?ef414e,bower_components/jquery-legacy/jquery.min.js?v1.7.1,common/res/js/global.min.js?3788a1,common/libs/header/script.min.js?a20145,mall/libs/detail/script.min.js?12e945,common/libs/login/script.min.js?2aa969:20)
  r (http://rs.modernavenue.com/??bower_components/requirejs/require.min.js?v2.3.2,common/res/js/config.min.js?ef414e,bower_components/jquery-legacy/jquery.min.js?v1.7.1,common/res/js/global.min.js?3788a1,common/libs/header/script.min.js?a20145,mall/libs/detail/script.min.js?12e945,common/libs/login/script.min.js?2aa969:28)
  r (http://rs.modernavenue.com/??bower_components/requirejs/require.min.js?v2.3.2,common/res/js/config.min.js?ef414e,bower_components/jquery-legacy/jquery.min.js?v1.7.1,common/res/js/global.min.js?3788a1,common/libs/header/script.min.js?a20145,mall/libs/detail/script.min.js?12e945,common/libs/login/script.min.js?2aa969:28)

  phantomjs://platform/console++.js:263 in error
[ERROR - 2018-03-29T08:57:44.639Z] Session [2a1d6890-332f-11e8-b0f1-edb2a522bfdc] - page.onError - msg: TypeError: undefined is not an object (evaluating 'c.url')

  phantomjs://platform/console++.js:263 in error
[ERROR - 2018-03-29T08:57:44.640Z] Session [2a1d6890-332f-11e8-b0f1-edb2a522bfdc] - page.onError - stack:
  success (http://rs.modernavenue.com/??bower_components/requirejs/require.min.js?v2.3.2,common/res/js/config.min.js?ef414e,bower_components/jquery-legacy/jquery.min.js?v1.7.1,common/res/js/global.min.js?3788a1,common/libs/header/script.min.js?a20145,mall/libs/detail/script.min.js?12e945,common/libs/login/script.min.js?2aa969:28)
  f (http://rs.modernavenue.com/??bower_components/requirejs/require.min.js?v2.3.2,common/res/js/config.min.js?ef414e,bower_components/jquery-legacy/jquery.min.js?v1.7.1,common/res/js/global.min.js?3788a1,common/libs/header/script.min.js?a20145,mall/libs/detail/script.min.js?12e945,common/libs/login/script.min.js?2aa969:20)
  fireWith (http://rs.modernavenue.com/??bower_components/requirejs/require.min.js?v2.3.2,common/res/js/config.min.js?ef414e,bower_components/jquery-legacy/jquery.min.js?v1.7.1,common/res/js/global.min.js?3788a1,common/libs/header/script.min.js?a20145,mall/libs/detail/script.min.js?12e945,common/libs/login/script.min.js?2aa969:20)
  r (http://rs.modernavenue.com/??bower_components/requirejs/require.min.js?v2.3.2,common/res/js/config.min.js?ef414e,bower_components/jquery-legacy/jquery.min.js?v1.7.1,common/res/js/global.min.js?3788a1,common/libs/header/script.min.js?a20145,mall/libs/detail/script.min.js?12e945,common/libs/login/script.min.js?2aa969:28)
  r (http://rs.modernavenue.com/??bower_components/requirejs/require.min.js?v2.3.2,common/res/js/config.min.js?ef414e,bower_components/jquery-legacy/jquery.min.js?v1.7.1,common/res/js/global.min.js?3788a1,common/libs/header/script.min.js?a20145,mall/libs/detail/script.min.js?12e945,common/libs/login/script.min.js?2aa969:28)

  phantomjs://platform/console++.js:263 in error
[ERROR - 2018-03-29T08:57:47.691Z] Session [2a1d6890-332f-11e8-b0f1-edb2a522bfdc] - page.onError - msg: TypeError: undefined is not an object (evaluating 'c.url')

  phantomjs://platform/console++.js:263 in error
[ERROR - 2018-03-29T08:57:47.692Z] Session [2a1d6890-332f-11e8-b0f1-edb2a522bfdc] - page.onError - stack:
  success (http://rs.modernavenue.com/??bower_components/requirejs/require.min.js?v2.3.2,common/res/js/config.min.js?ef414e,bower_components/jquery-legacy/jquery.min.js?v1.7.1,common/res/js/global.min.js?3788a1,common/libs/header/script.min.js?a20145,mall/libs/detail/script.min.js?12e945,common/libs/login/script.min.js?2aa969:28)
  f (http://rs.modernavenue.com/??bower_components/requirejs/require.min.js?v2.3.2,common/res/js/config.min.js?ef414e,bower_components/jquery-legacy/jquery.min.js?v1.7.1,common/res/js/global.min.js?3788a1,common/libs/header/script.min.js?a20145,mall/libs/detail/script.min.js?12e945,common/libs/login/script.min.js?2aa969:20)
  fireWith (http://rs.modernavenue.com/??bower_components/requirejs/require.min.js?v2.3.2,common/res/js/config.min.js?ef414e,bower_components/jquery-legacy/jquery.min.js?v1.7.1,common/res/js/global.min.js?3788a1,common/libs/header/script.min.js?a20145,mall/libs/detail/script.min.js?12e945,common/libs/login/script.min.js?2aa969:20)
  r (http://rs.modernavenue.com/??bower_components/requirejs/require.min.js?v2.3.2,common/res/js/config.min.js?ef414e,bower_components/jquery-legacy/jquery.min.js?v1.7.1,common/res/js/global.min.js?3788a1,common/libs/header/script.min.js?a20145,mall/libs/detail/script.min.js?12e945,common/libs/login/script.min.js?2aa969:28)
  r (http://rs.modernavenue.com/??bower_components/requirejs/require.min.js?v2.3.2,common/res/js/config.min.js?ef414e,bower_components/jquery-legacy/jquery.min.js?v1.7.1,common/res/js/global.min.js?3788a1,common/libs/header/script.min.js?a20145,mall/libs/detail/script.min.js?12e945,common/libs/login/script.min.js?2aa969:28)

  phantomjs://platform/console++.js:263 in error
[ERROR - 2018-03-29T08:57:50.364Z] Session [2a1d6890-332f-11e8-b0f1-edb2a522bfdc] - page.onError - msg: TypeError: undefined is not an object (evaluating 'c.url')

  phantomjs://platform/console++.js:263 in error
[ERROR - 2018-03-29T08:57:50.364Z] Session [2a1d6890-332f-11e8-b0f1-edb2a522bfdc] - page.onError - stack:
  success (http://rs.modernavenue.com/??bower_components/requirejs/require.min.js?v2.3.2,common/res/js/config.min.js?ef414e,bower_components/jquery-legacy/jquery.min.js?v1.7.1,common/res/js/global.min.js?3788a1,common/libs/header/script.min.js?a20145,mall/libs/detail/script.min.js?12e945,common/libs/login/script.min.js?2aa969:28)
  f (http://rs.modernavenue.com/??bower_components/requirejs/require.min.js?v2.3.2,common/res/js/config.min.js?ef414e,bower_components/jquery-legacy/jquery.min.js?v1.7.1,common/res/js/global.min.js?3788a1,common/libs/header/script.min.js?a20145,mall/libs/detail/script.min.js?12e945,common/libs/login/script.min.js?2aa969:20)
  fireWith (http://rs.modernavenue.com/??bower_components/requirejs/require.min.js?v2.3.2,common/res/js/config.min.js?ef414e,bower_components/jquery-legacy/jquery.min.js?v1.7.1,common/res/js/global.min.js?3788a1,common/libs/header/script.min.js?a20145,mall/libs/detail/script.min.js?12e945,common/libs/login/script.min.js?2aa969:20)
  r (http://rs.modernavenue.com/??bower_components/requirejs/require.min.js?v2.3.2,common/res/js/config.min.js?ef414e,bower_components/jquery-legacy/jquery.min.js?v1.7.1,common/res/js/global.min.js?3788a1,common/libs/header/script.min.js?a20145,mall/libs/detail/script.min.js?12e945,common/libs/login/script.min.js?2aa969:28)
  r (http://rs.modernavenue.com/??bower_components/requirejs/require.min.js?v2.3.2,common/res/js/config.min.js?ef414e,bower_components/jquery-legacy/jquery.min.js?v1.7.1,common/res/js/global.min.js?3788a1,common/libs/header/script.min.js?a20145,mall/libs/detail/script.min.js?12e945,common/libs/login/script.min.js?2aa969:28)

  phantomjs://platform/console++.js:263 in error
[ERROR - 2018-03-29T08:57:53.236Z] Session [2a1d6890-332f-11e8-b0f1-edb2a522bfdc] - page.onError - msg: TypeError: undefined is not an object (evaluating 'c.url')

  phantomjs://platform/console++.js:263 in error
[ERROR - 2018-03-29T08:57:53.236Z] Session [2a1d6890-332f-11e8-b0f1-edb2a522bfdc] - page.onError - stack:
  success (http://rs.modernavenue.com/??bower_components/requirejs/require.min.js?v2.3.2,common/res/js/config.min.js?ef414e,bower_components/jquery-legacy/jquery.min.js?v1.7.1,common/res/js/global.min.js?3788a1,common/libs/header/script.min.js?a20145,mall/libs/detail/script.min.js?12e945,common/libs/login/script.min.js?2aa969:28)
  f (http://rs.modernavenue.com/??bower_components/requirejs/require.min.js?v2.3.2,common/res/js/config.min.js?ef414e,bower_components/jquery-legacy/jquery.min.js?v1.7.1,common/res/js/global.min.js?3788a1,common/libs/header/script.min.js?a20145,mall/libs/detail/script.min.js?12e945,common/libs/login/script.min.js?2aa969:20)
  fireWith (http://rs.modernavenue.com/??bower_components/requirejs/require.min.js?v2.3.2,common/res/js/config.min.js?ef414e,bower_components/jquery-legacy/jquery.min.js?v1.7.1,common/res/js/global.min.js?3788a1,common/libs/header/script.min.js?a20145,mall/libs/detail/script.min.js?12e945,common/libs/login/script.min.js?2aa969:20)
  r (http://rs.modernavenue.com/??bower_components/requirejs/require.min.js?v2.3.2,common/res/js/config.min.js?ef414e,bower_components/jquery-legacy/jquery.min.js?v1.7.1,common/res/js/global.min.js?3788a1,common/libs/header/script.min.js?a20145,mall/libs/detail/script.min.js?12e945,common/libs/login/script.min.js?2aa969:28)
  r (http://rs.modernavenue.com/??bower_components/requirejs/require.min.js?v2.3.2,common/res/js/config.min.js?ef414e,bower_components/jquery-legacy/jquery.min.js?v1.7.1,common/res/js/global.min.js?3788a1,common/libs/header/script.min.js?a20145,mall/libs/detail/script.min.js?12e945,common/libs/login/script.min.js?2aa969:28)

  phantomjs://platform/console++.js:263 in error
[ERROR - 2018-03-29T08:57:56.092Z] Session [2a1d6890-332f-11e8-b0f1-edb2a522bfdc] - page.onError - msg: TypeError: undefined is not an object (evaluating 'c.url')

  phantomjs://platform/console++.js:263 in error
[ERROR - 2018-03-29T08:57:56.092Z] Session [2a1d6890-332f-11e8-b0f1-edb2a522bfdc] - page.onError - stack:
  success (http://rs.modernavenue.com/??bower_components/requirejs/require.min.js?v2.3.2,common/res/js/config.min.js?ef414e,bower_components/jquery-legacy/jquery.min.js?v1.7.1,common/res/js/global.min.js?3788a1,common/libs/header/script.min.js?a20145,mall/libs/detail/script.min.js?12e945,common/libs/login/script.min.js?2aa969:28)
  f (http://rs.modernavenue.com/??bower_components/requirejs/require.min.js?v2.3.2,common/res/js/config.min.js?ef414e,bower_components/jquery-legacy/jquery.min.js?v1.7.1,common/res/js/global.min.js?3788a1,common/libs/header/script.min.js?a20145,mall/libs/detail/script.min.js?12e945,common/libs/login/script.min.js?2aa969:20)
  fireWith (http://rs.modernavenue.com/??bower_components/requirejs/require.min.js?v2.3.2,common/res/js/config.min.js?ef414e,bower_components/jquery-legacy/jquery.min.js?v1.7.1,common/res/js/global.min.js?3788a1,common/libs/header/script.min.js?a20145,mall/libs/detail/script.min.js?12e945,common/libs/login/script.min.js?2aa969:20)
  r (http://rs.modernavenue.com/??bower_components/requirejs/require.min.js?v2.3.2,common/res/js/config.min.js?ef414e,bower_components/jquery-legacy/jquery.min.js?v1.7.1,common/res/js/global.min.js?3788a1,common/libs/header/script.min.js?a20145,mall/libs/detail/script.min.js?12e945,common/libs/login/script.min.js?2aa969:28)
  r (http://rs.modernavenue.com/??bower_components/requirejs/require.min.js?v2.3.2,common/res/js/config.min.js?ef414e,bower_components/jquery-legacy/jquery.min.js?v1.7.1,common/res/js/global.min.js?3788a1,common/libs/header/script.min.js?a20145,mall/libs/detail/script.min.js?12e945,common/libs/login/script.min.js?2aa969:28)

  phantomjs://platform/console++.js:263 in error
[ERROR - 2018-03-29T08:57:58.233Z] Session [2a1d6890-332f-11e8-b0f1-edb2a522bfdc] - page.onError - msg: TypeError: undefined is not an object (evaluating 'c.url')

  phantomjs://platform/console++.js:263 in error
[ERROR - 2018-03-29T08:57:58.233Z] Session [2a1d6890-332f-11e8-b0f1-edb2a522bfdc] - page.onError - stack:
  success (http://rs.modernavenue.com/??bower_components/requirejs/require.min.js?v2.3.2,common/res/js/config.min.js?ef414e,bower_components/jquery-legacy/jquery.min.js?v1.7.1,common/res/js/global.min.js?3788a1,common/libs/header/script.min.js?a20145,mall/libs/detail/script.min.js?12e945,common/libs/login/script.min.js?2aa969:28)
  f (http://rs.modernavenue.com/??bower_components/requirejs/require.min.js?v2.3.2,common/res/js/config.min.js?ef414e,bower_components/jquery-legacy/jquery.min.js?v1.7.1,common/res/js/global.min.js?3788a1,common/libs/header/script.min.js?a20145,mall/libs/detail/script.min.js?12e945,common/libs/login/script.min.js?2aa969:20)
  fireWith (http://rs.modernavenue.com/??bower_components/requirejs/require.min.js?v2.3.2,common/res/js/config.min.js?ef414e,bower_components/jquery-legacy/jquery.min.js?v1.7.1,common/res/js/global.min.js?3788a1,common/libs/header/script.min.js?a20145,mall/libs/detail/script.min.js?12e945,common/libs/login/script.min.js?2aa969:20)
  r (http://rs.modernavenue.com/??bower_components/requirejs/require.min.js?v2.3.2,common/res/js/config.min.js?ef414e,bower_components/jquery-legacy/jquery.min.js?v1.7.1,common/res/js/global.min.js?3788a1,common/libs/header/script.min.js?a20145,mall/libs/detail/script.min.js?12e945,common/libs/login/script.min.js?2aa969:28)
  r (http://rs.modernavenue.com/??bower_components/requirejs/require.min.js?v2.3.2,common/res/js/config.min.js?ef414e,bower_components/jquery-legacy/jquery.min.js?v1.7.1,common/res/js/global.min.js?3788a1,common/libs/header/script.min.js?a20145,mall/libs/detail/script.min.js?12e945,common/libs/login/script.min.js?2aa969:28)

  phantomjs://platform/console++.js:263 in error
[ERROR - 2018-03-29T08:58:01.432Z] Session [2a1d6890-332f-11e8-b0f1-edb2a522bfdc] - page.onError - msg: TypeError: undefined is not an object (evaluating 'c.url')

  phantomjs://platform/console++.js:263 in error
[ERROR - 2018-03-29T08:58:01.432Z] Session [2a1d6890-332f-11e8-b0f1-edb2a522bfdc] - page.onError - stack:
  success (http://rs.modernavenue.com/??bower_components/requirejs/require.min.js?v2.3.2,common/res/js/config.min.js?ef414e,bower_components/jquery-legacy/jquery.min.js?v1.7.1,common/res/js/global.min.js?3788a1,common/libs/header/script.min.js?a20145,mall/libs/detail/script.min.js?12e945,common/libs/login/script.min.js?2aa969:28)
  f (http://rs.modernavenue.com/??bower_components/requirejs/require.min.js?v2.3.2,common/res/js/config.min.js?ef414e,bower_components/jquery-legacy/jquery.min.js?v1.7.1,common/res/js/global.min.js?3788a1,common/libs/header/script.min.js?a20145,mall/libs/detail/script.min.js?12e945,common/libs/login/script.min.js?2aa969:20)
  fireWith (http://rs.modernavenue.com/??bower_components/requirejs/require.min.js?v2.3.2,common/res/js/config.min.js?ef414e,bower_components/jquery-legacy/jquery.min.js?v1.7.1,common/res/js/global.min.js?3788a1,common/libs/header/script.min.js?a20145,mall/libs/detail/script.min.js?12e945,common/libs/login/script.min.js?2aa969:20)
  r (http://rs.modernavenue.com/??bower_components/requirejs/require.min.js?v2.3.2,common/res/js/config.min.js?ef414e,bower_components/jquery-legacy/jquery.min.js?v1.7.1,common/res/js/global.min.js?3788a1,common/libs/header/script.min.js?a20145,mall/libs/detail/script.min.js?12e945,common/libs/login/script.min.js?2aa969:28)
  r (http://rs.modernavenue.com/??bower_components/requirejs/require.min.js?v2.3.2,common/res/js/config.min.js?ef414e,bower_components/jquery-legacy/jquery.min.js?v1.7.1,common/res/js/global.min.js?3788a1,common/libs/header/script.min.js?a20145,mall/libs/detail/script.min.js?12e945,common/libs/login/script.min.js?2aa969:28)

  phantomjs://platform/console++.js:263 in error
[ERROR - 2018-03-29T08:58:03.652Z] Session [2a1d6890-332f-11e8-b0f1-edb2a522bfdc] - page.onError - msg: TypeError: undefined is not an object (evaluating 'c.url')

  phantomjs://platform/console++.js:263 in error
[ERROR - 2018-03-29T08:58:03.652Z] Session [2a1d6890-332f-11e8-b0f1-edb2a522bfdc] - page.onError - stack:
  success (http://rs.modernavenue.com/??bower_components/requirejs/require.min.js?v2.3.2,common/res/js/config.min.js?ef414e,bower_components/jquery-legacy/jquery.min.js?v1.7.1,common/res/js/global.min.js?3788a1,common/libs/header/script.min.js?a20145,mall/libs/detail/script.min.js?12e945,common/libs/login/script.min.js?2aa969:28)
  f (http://rs.modernavenue.com/??bower_components/requirejs/require.min.js?v2.3.2,common/res/js/config.min.js?ef414e,bower_components/jquery-legacy/jquery.min.js?v1.7.1,common/res/js/global.min.js?3788a1,common/libs/header/script.min.js?a20145,mall/libs/detail/script.min.js?12e945,common/libs/login/script.min.js?2aa969:20)
  fireWith (http://rs.modernavenue.com/??bower_components/requirejs/require.min.js?v2.3.2,common/res/js/config.min.js?ef414e,bower_components/jquery-legacy/jquery.min.js?v1.7.1,common/res/js/global.min.js?3788a1,common/libs/header/script.min.js?a20145,mall/libs/detail/script.min.js?12e945,common/libs/login/script.min.js?2aa969:20)
  r (http://rs.modernavenue.com/??bower_components/requirejs/require.min.js?v2.3.2,common/res/js/config.min.js?ef414e,bower_components/jquery-legacy/jquery.min.js?v1.7.1,common/res/js/global.min.js?3788a1,common/libs/header/script.min.js?a20145,mall/libs/detail/script.min.js?12e945,common/libs/login/script.min.js?2aa969:28)
  r (http://rs.modernavenue.com/??bower_components/requirejs/require.min.js?v2.3.2,common/res/js/config.min.js?ef414e,bower_components/jquery-legacy/jquery.min.js?v1.7.1,common/res/js/global.min.js?3788a1,common/libs/header/script.min.js?a20145,mall/libs/detail/script.min.js?12e945,common/libs/login/script.min.js?2aa969:28)

  phantomjs://platform/console++.js:263 in error
[ERROR - 2018-03-29T08:58:06.342Z] Session [2a1d6890-332f-11e8-b0f1-edb2a522bfdc] - page.onError - msg: TypeError: undefined is not an object (evaluating 'c.url')

  phantomjs://platform/console++.js:263 in error
[ERROR - 2018-03-29T08:58:06.343Z] Session [2a1d6890-332f-11e8-b0f1-edb2a522bfdc] - page.onError - stack:
  success (http://rs.modernavenue.com/??bower_components/requirejs/require.min.js?v2.3.2,common/res/js/config.min.js?ef414e,bower_components/jquery-legacy/jquery.min.js?v1.7.1,common/res/js/global.min.js?3788a1,common/libs/header/script.min.js?a20145,mall/libs/detail/script.min.js?12e945,common/libs/login/script.min.js?2aa969:28)
  f (http://rs.modernavenue.com/??bower_components/requirejs/require.min.js?v2.3.2,common/res/js/config.min.js?ef414e,bower_components/jquery-legacy/jquery.min.js?v1.7.1,common/res/js/global.min.js?3788a1,common/libs/header/script.min.js?a20145,mall/libs/detail/script.min.js?12e945,common/libs/login/script.min.js?2aa969:20)
  fireWith (http://rs.modernavenue.com/??bower_components/requirejs/require.min.js?v2.3.2,common/res/js/config.min.js?ef414e,bower_components/jquery-legacy/jquery.min.js?v1.7.1,common/res/js/global.min.js?3788a1,common/libs/header/script.min.js?a20145,mall/libs/detail/script.min.js?12e945,common/libs/login/script.min.js?2aa969:20)
  r (http://rs.modernavenue.com/??bower_components/requirejs/require.min.js?v2.3.2,common/res/js/config.min.js?ef414e,bower_components/jquery-legacy/jquery.min.js?v1.7.1,common/res/js/global.min.js?3788a1,common/libs/header/script.min.js?a20145,mall/libs/detail/script.min.js?12e945,common/libs/login/script.min.js?2aa969:28)
  r (http://rs.modernavenue.com/??bower_components/requirejs/require.min.js?v2.3.2,common/res/js/config.min.js?ef414e,bower_components/jquery-legacy/jquery.min.js?v1.7.1,common/res/js/global.min.js?3788a1,common/libs/header/script.min.js?a20145,mall/libs/detail/script.min.js?12e945,common/libs/login/script.min.js?2aa969:28)

  phantomjs://platform/console++.js:263 in error
[ERROR - 2018-03-29T08:58:09.220Z] Session [2a1d6890-332f-11e8-b0f1-edb2a522bfdc] - page.onError - msg: TypeError: undefined is not an object (evaluating 'c.url')

  phantomjs://platform/console++.js:263 in error
[ERROR - 2018-03-29T08:58:09.220Z] Session [2a1d6890-332f-11e8-b0f1-edb2a522bfdc] - page.onError - stack:
  success (http://rs.modernavenue.com/??bower_components/requirejs/require.min.js?v2.3.2,common/res/js/config.min.js?ef414e,bower_components/jquery-legacy/jquery.min.js?v1.7.1,common/res/js/global.min.js?3788a1,common/libs/header/script.min.js?a20145,mall/libs/detail/script.min.js?12e945,common/libs/login/script.min.js?2aa969:28)
  f (http://rs.modernavenue.com/??bower_components/requirejs/require.min.js?v2.3.2,common/res/js/config.min.js?ef414e,bower_components/jquery-legacy/jquery.min.js?v1.7.1,common/res/js/global.min.js?3788a1,common/libs/header/script.min.js?a20145,mall/libs/detail/script.min.js?12e945,common/libs/login/script.min.js?2aa969:20)
  fireWith (http://rs.modernavenue.com/??bower_components/requirejs/require.min.js?v2.3.2,common/res/js/config.min.js?ef414e,bower_components/jquery-legacy/jquery.min.js?v1.7.1,common/res/js/global.min.js?3788a1,common/libs/header/script.min.js?a20145,mall/libs/detail/script.min.js?12e945,common/libs/login/script.min.js?2aa969:20)
  r (http://rs.modernavenue.com/??bower_components/requirejs/require.min.js?v2.3.2,common/res/js/config.min.js?ef414e,bower_components/jquery-legacy/jquery.min.js?v1.7.1,common/res/js/global.min.js?3788a1,common/libs/header/script.min.js?a20145,mall/libs/detail/script.min.js?12e945,common/libs/login/script.min.js?2aa969:28)
  r (http://rs.modernavenue.com/??bower_components/requirejs/require.min.js?v2.3.2,common/res/js/config.min.js?ef414e,bower_components/jquery-legacy/jquery.min.js?v1.7.1,common/res/js/global.min.js?3788a1,common/libs/header/script.min.js?a20145,mall/libs/detail/script.min.js?12e945,common/libs/login/script.min.js?2aa969:28)

  phantomjs://platform/console++.js:263 in error
[ERROR - 2018-03-29T08:58:11.487Z] Session [2a1d6890-332f-11e8-b0f1-edb2a522bfdc] - page.onError - msg: TypeError: undefined is not an object (evaluating 'c.url')

  phantomjs://platform/console++.js:263 in error
[ERROR - 2018-03-29T08:58:11.487Z] Session [2a1d6890-332f-11e8-b0f1-edb2a522bfdc] - page.onError - stack:
  success (http://rs.modernavenue.com/??bower_components/requirejs/require.min.js?v2.3.2,common/res/js/config.min.js?ef414e,bower_components/jquery-legacy/jquery.min.js?v1.7.1,common/res/js/global.min.js?3788a1,common/libs/header/script.min.js?a20145,mall/libs/detail/script.min.js?12e945,common/libs/login/script.min.js?2aa969:28)
  f (http://rs.modernavenue.com/??bower_components/requirejs/require.min.js?v2.3.2,common/res/js/config.min.js?ef414e,bower_components/jquery-legacy/jquery.min.js?v1.7.1,common/res/js/global.min.js?3788a1,common/libs/header/script.min.js?a20145,mall/libs/detail/script.min.js?12e945,common/libs/login/script.min.js?2aa969:20)
  fireWith (http://rs.modernavenue.com/??bower_components/requirejs/require.min.js?v2.3.2,common/res/js/config.min.js?ef414e,bower_components/jquery-legacy/jquery.min.js?v1.7.1,common/res/js/global.min.js?3788a1,common/libs/header/script.min.js?a20145,mall/libs/detail/script.min.js?12e945,common/libs/login/script.min.js?2aa969:20)
  r (http://rs.modernavenue.com/??bower_components/requirejs/require.min.js?v2.3.2,common/res/js/config.min.js?ef414e,bower_components/jquery-legacy/jquery.min.js?v1.7.1,common/res/js/global.min.js?3788a1,common/libs/header/script.min.js?a20145,mall/libs/detail/script.min.js?12e945,common/libs/login/script.min.js?2aa969:28)
  r (http://rs.modernavenue.com/??bower_components/requirejs/require.min.js?v2.3.2,common/res/js/config.min.js?ef414e,bower_components/jquery-legacy/jquery.min.js?v1.7.1,common/res/js/global.min.js?3788a1,common/libs/header/script.min.js?a20145,mall/libs/detail/script.min.js?12e945,common/libs/login/script.min.js?2aa969:28)

  phantomjs://platform/console++.js:263 in error
[ERROR - 2018-03-29T08:58:13.412Z] Session [2a1d6890-332f-11e8-b0f1-edb2a522bfdc] - page.onError - msg: TypeError: undefined is not an object (evaluating 'c.url')

  phantomjs://platform/console++.js:263 in error
[ERROR - 2018-03-29T08:58:13.412Z] Session [2a1d6890-332f-11e8-b0f1-edb2a522bfdc] - page.onError - stack:
  success (http://rs.modernavenue.com/??bower_components/requirejs/require.min.js?v2.3.2,common/res/js/config.min.js?ef414e,bower_components/jquery-legacy/jquery.min.js?v1.7.1,common/res/js/global.min.js?3788a1,common/libs/header/script.min.js?a20145,mall/libs/detail/script.min.js?12e945,common/libs/login/script.min.js?2aa969:28)
  f (http://rs.modernavenue.com/??bower_components/requirejs/require.min.js?v2.3.2,common/res/js/config.min.js?ef414e,bower_components/jquery-legacy/jquery.min.js?v1.7.1,common/res/js/global.min.js?3788a1,common/libs/header/script.min.js?a20145,mall/libs/detail/script.min.js?12e945,common/libs/login/script.min.js?2aa969:20)
  fireWith (http://rs.modernavenue.com/??bower_components/requirejs/require.min.js?v2.3.2,common/res/js/config.min.js?ef414e,bower_components/jquery-legacy/jquery.min.js?v1.7.1,common/res/js/global.min.js?3788a1,common/libs/header/script.min.js?a20145,mall/libs/detail/script.min.js?12e945,common/libs/login/script.min.js?2aa969:20)
  r (http://rs.modernavenue.com/??bower_components/requirejs/require.min.js?v2.3.2,common/res/js/config.min.js?ef414e,bower_components/jquery-legacy/jquery.min.js?v1.7.1,common/res/js/global.min.js?3788a1,common/libs/header/script.min.js?a20145,mall/libs/detail/script.min.js?12e945,common/libs/login/script.min.js?2aa969:28)
  r (http://rs.modernavenue.com/??bower_components/requirejs/require.min.js?v2.3.2,common/res/js/config.min.js?ef414e,bower_components/jquery-legacy/jquery.min.js?v1.7.1,common/res/js/global.min.js?3788a1,common/libs/header/script.min.js?a20145,mall/libs/detail/script.min.js?12e945,common/libs/login/script.min.js?2aa969:28)

  phantomjs://platform/console++.js:263 in error
[ERROR - 2018-03-29T08:58:16.550Z] Session [2a1d6890-332f-11e8-b0f1-edb2a522bfdc] - page.onError - msg: TypeError: undefined is not an object (evaluating 'c.url')

  phantomjs://platform/console++.js:263 in error
[ERROR - 2018-03-29T08:58:16.550Z] Session [2a1d6890-332f-11e8-b0f1-edb2a522bfdc] - page.onError - stack:
  success (http://rs.modernavenue.com/??bower_components/requirejs/require.min.js?v2.3.2,common/res/js/config.min.js?ef414e,bower_components/jquery-legacy/jquery.min.js?v1.7.1,common/res/js/global.min.js?3788a1,common/libs/header/script.min.js?a20145,mall/libs/detail/script.min.js?12e945,common/libs/login/script.min.js?2aa969:28)
  f (http://rs.modernavenue.com/??bower_components/requirejs/require.min.js?v2.3.2,common/res/js/config.min.js?ef414e,bower_components/jquery-legacy/jquery.min.js?v1.7.1,common/res/js/global.min.js?3788a1,common/libs/header/script.min.js?a20145,mall/libs/detail/script.min.js?12e945,common/libs/login/script.min.js?2aa969:20)
  fireWith (http://rs.modernavenue.com/??bower_components/requirejs/require.min.js?v2.3.2,common/res/js/config.min.js?ef414e,bower_components/jquery-legacy/jquery.min.js?v1.7.1,common/res/js/global.min.js?3788a1,common/libs/header/script.min.js?a20145,mall/libs/detail/script.min.js?12e945,common/libs/login/script.min.js?2aa969:20)
  r (http://rs.modernavenue.com/??bower_components/requirejs/require.min.js?v2.3.2,common/res/js/config.min.js?ef414e,bower_components/jquery-legacy/jquery.min.js?v1.7.1,common/res/js/global.min.js?3788a1,common/libs/header/script.min.js?a20145,mall/libs/detail/script.min.js?12e945,common/libs/login/script.min.js?2aa969:28)
  r (http://rs.modernavenue.com/??bower_components/requirejs/require.min.js?v2.3.2,common/res/js/config.min.js?ef414e,bower_components/jquery-legacy/jquery.min.js?v1.7.1,common/res/js/global.min.js?3788a1,common/libs/header/script.min.js?a20145,mall/libs/detail/script.min.js?12e945,common/libs/login/script.min.js?2aa969:28)

  phantomjs://platform/console++.js:263 in error
[ERROR - 2018-03-29T08:58:18.929Z] Session [2a1d6890-332f-11e8-b0f1-edb2a522bfdc] - page.onError - msg: TypeError: undefined is not an object (evaluating 'c.url')

  phantomjs://platform/console++.js:263 in error
[ERROR - 2018-03-29T08:58:18.930Z] Session [2a1d6890-332f-11e8-b0f1-edb2a522bfdc] - page.onError - stack:
  success (http://rs.modernavenue.com/??bower_components/requirejs/require.min.js?v2.3.2,common/res/js/config.min.js?ef414e,bower_components/jquery-legacy/jquery.min.js?v1.7.1,common/res/js/global.min.js?3788a1,common/libs/header/script.min.js?a20145,mall/libs/detail/script.min.js?12e945,common/libs/login/script.min.js?2aa969:28)
  f (http://rs.modernavenue.com/??bower_components/requirejs/require.min.js?v2.3.2,common/res/js/config.min.js?ef414e,bower_components/jquery-legacy/jquery.min.js?v1.7.1,common/res/js/global.min.js?3788a1,common/libs/header/script.min.js?a20145,mall/libs/detail/script.min.js?12e945,common/libs/login/script.min.js?2aa969:20)
  fireWith (http://rs.modernavenue.com/??bower_components/requirejs/require.min.js?v2.3.2,common/res/js/config.min.js?ef414e,bower_components/jquery-legacy/jquery.min.js?v1.7.1,common/res/js/global.min.js?3788a1,common/libs/header/script.min.js?a20145,mall/libs/detail/script.min.js?12e945,common/libs/login/script.min.js?2aa969:20)
  r (http://rs.modernavenue.com/??bower_components/requirejs/require.min.js?v2.3.2,common/res/js/config.min.js?ef414e,bower_components/jquery-legacy/jquery.min.js?v1.7.1,common/res/js/global.min.js?3788a1,common/libs/header/script.min.js?a20145,mall/libs/detail/script.min.js?12e945,common/libs/login/script.min.js?2aa969:28)
  r (http://rs.modernavenue.com/??bower_components/requirejs/require.min.js?v2.3.2,common/res/js/config.min.js?ef414e,bower_components/jquery-legacy/jquery.min.js?v1.7.1,common/res/js/global.min.js?3788a1,common/libs/header/script.min.js?a20145,mall/libs/detail/script.min.js?12e945,common/libs/login/script.min.js?2aa969:28)

  phantomjs://platform/console++.js:263 in error
[ERROR - 2018-03-29T08:58:21.513Z] Session [2a1d6890-332f-11e8-b0f1-edb2a522bfdc] - page.onError - msg: TypeError: undefined is not an object (evaluating 'c.url')

  phantomjs://platform/console++.js:263 in error
[ERROR - 2018-03-29T08:58:21.513Z] Session [2a1d6890-332f-11e8-b0f1-edb2a522bfdc] - page.onError - stack:
  success (http://rs.modernavenue.com/??bower_components/requirejs/require.min.js?v2.3.2,common/res/js/config.min.js?ef414e,bower_components/jquery-legacy/jquery.min.js?v1.7.1,common/res/js/global.min.js?3788a1,common/libs/header/script.min.js?a20145,mall/libs/detail/script.min.js?12e945,common/libs/login/script.min.js?2aa969:28)
  f (http://rs.modernavenue.com/??bower_components/requirejs/require.min.js?v2.3.2,common/res/js/config.min.js?ef414e,bower_components/jquery-legacy/jquery.min.js?v1.7.1,common/res/js/global.min.js?3788a1,common/libs/header/script.min.js?a20145,mall/libs/detail/script.min.js?12e945,common/libs/login/script.min.js?2aa969:20)
  fireWith (http://rs.modernavenue.com/??bower_components/requirejs/require.min.js?v2.3.2,common/res/js/config.min.js?ef414e,bower_components/jquery-legacy/jquery.min.js?v1.7.1,common/res/js/global.min.js?3788a1,common/libs/header/script.min.js?a20145,mall/libs/detail/script.min.js?12e945,common/libs/login/script.min.js?2aa969:20)
  r (http://rs.modernavenue.com/??bower_components/requirejs/require.min.js?v2.3.2,common/res/js/config.min.js?ef414e,bower_components/jquery-legacy/jquery.min.js?v1.7.1,common/res/js/global.min.js?3788a1,common/libs/header/script.min.js?a20145,mall/libs/detail/script.min.js?12e945,common/libs/login/script.min.js?2aa969:28)
  r (http://rs.modernavenue.com/??bower_components/requirejs/require.min.js?v2.3.2,common/res/js/config.min.js?ef414e,bower_components/jquery-legacy/jquery.min.js?v1.7.1,common/res/js/global.min.js?3788a1,common/libs/header/script.min.js?a20145,mall/libs/detail/script.min.js?12e945,common/libs/login/script.min.js?2aa969:28)

  phantomjs://platform/console++.js:263 in error
[ERROR - 2018-03-29T08:58:23.762Z] Session [2a1d6890-332f-11e8-b0f1-edb2a522bfdc] - page.onError - msg: TypeError: undefined is not an object (evaluating 'c.url')

  phantomjs://platform/console++.js:263 in error
[ERROR - 2018-03-29T08:58:23.762Z] Session [2a1d6890-332f-11e8-b0f1-edb2a522bfdc] - page.onError - stack:
  success (http://rs.modernavenue.com/??bower_components/requirejs/require.min.js?v2.3.2,common/res/js/config.min.js?ef414e,bower_components/jquery-legacy/jquery.min.js?v1.7.1,common/res/js/global.min.js?3788a1,common/libs/header/script.min.js?a20145,mall/libs/detail/script.min.js?12e945,common/libs/login/script.min.js?2aa969:28)
  f (http://rs.modernavenue.com/??bower_components/requirejs/require.min.js?v2.3.2,common/res/js/config.min.js?ef414e,bower_components/jquery-legacy/jquery.min.js?v1.7.1,common/res/js/global.min.js?3788a1,common/libs/header/script.min.js?a20145,mall/libs/detail/script.min.js?12e945,common/libs/login/script.min.js?2aa969:20)
  fireWith (http://rs.modernavenue.com/??bower_components/requirejs/require.min.js?v2.3.2,common/res/js/config.min.js?ef414e,bower_components/jquery-legacy/jquery.min.js?v1.7.1,common/res/js/global.min.js?3788a1,common/libs/header/script.min.js?a20145,mall/libs/detail/script.min.js?12e945,common/libs/login/script.min.js?2aa969:20)
  r (http://rs.modernavenue.com/??bower_components/requirejs/require.min.js?v2.3.2,common/res/js/config.min.js?ef414e,bower_components/jquery-legacy/jquery.min.js?v1.7.1,common/res/js/global.min.js?3788a1,common/libs/header/script.min.js?a20145,mall/libs/detail/script.min.js?12e945,common/libs/login/script.min.js?2aa969:28)
  r (http://rs.modernavenue.com/??bower_components/requirejs/require.min.js?v2.3.2,common/res/js/config.min.js?ef414e,bower_components/jquery-legacy/jquery.min.js?v1.7.1,common/res/js/global.min.js?3788a1,common/libs/header/script.min.js?a20145,mall/libs/detail/script.min.js?12e945,common/libs/login/script.min.js?2aa969:28)

  phantomjs://platform/console++.js:263 in error
[ERROR - 2018-03-29T08:58:26.374Z] Session [2a1d6890-332f-11e8-b0f1-edb2a522bfdc] - page.onError - msg: TypeError: undefined is not an object (evaluating 'c.url')

  phantomjs://platform/console++.js:263 in error
[ERROR - 2018-03-29T08:58:26.374Z] Session [2a1d6890-332f-11e8-b0f1-edb2a522bfdc] - page.onError - stack:
  success (http://rs.modernavenue.com/??bower_components/requirejs/require.min.js?v2.3.2,common/res/js/config.min.js?ef414e,bower_components/jquery-legacy/jquery.min.js?v1.7.1,common/res/js/global.min.js?3788a1,common/libs/header/script.min.js?a20145,mall/libs/detail/script.min.js?12e945,common/libs/login/script.min.js?2aa969:28)
  f (http://rs.modernavenue.com/??bower_components/requirejs/require.min.js?v2.3.2,common/res/js/config.min.js?ef414e,bower_components/jquery-legacy/jquery.min.js?v1.7.1,common/res/js/global.min.js?3788a1,common/libs/header/script.min.js?a20145,mall/libs/detail/script.min.js?12e945,common/libs/login/script.min.js?2aa969:20)
  fireWith (http://rs.modernavenue.com/??bower_components/requirejs/require.min.js?v2.3.2,common/res/js/config.min.js?ef414e,bower_components/jquery-legacy/jquery.min.js?v1.7.1,common/res/js/global.min.js?3788a1,common/libs/header/script.min.js?a20145,mall/libs/detail/script.min.js?12e945,common/libs/login/script.min.js?2aa969:20)
  r (http://rs.modernavenue.com/??bower_components/requirejs/require.min.js?v2.3.2,common/res/js/config.min.js?ef414e,bower_components/jquery-legacy/jquery.min.js?v1.7.1,common/res/js/global.min.js?3788a1,common/libs/header/script.min.js?a20145,mall/libs/detail/script.min.js?12e945,common/libs/login/script.min.js?2aa969:28)
  r (http://rs.modernavenue.com/??bower_components/requirejs/require.min.js?v2.3.2,common/res/js/config.min.js?ef414e,bower_components/jquery-legacy/jquery.min.js?v1.7.1,common/res/js/global.min.js?3788a1,common/libs/header/script.min.js?a20145,mall/libs/detail/script.min.js?12e945,common/libs/login/script.min.js?2aa969:28)

  phantomjs://platform/console++.js:263 in error
[ERROR - 2018-03-29T08:58:28.234Z] Session [2a1d6890-332f-11e8-b0f1-edb2a522bfdc] - page.onError - msg: TypeError: undefined is not an object (evaluating 'c.url')

  phantomjs://platform/console++.js:263 in error
[ERROR - 2018-03-29T08:58:28.234Z] Session [2a1d6890-332f-11e8-b0f1-edb2a522bfdc] - page.onError - stack:
  success (http://rs.modernavenue.com/??bower_components/requirejs/require.min.js?v2.3.2,common/res/js/config.min.js?ef414e,bower_components/jquery-legacy/jquery.min.js?v1.7.1,common/res/js/global.min.js?3788a1,common/libs/header/script.min.js?a20145,mall/libs/detail/script.min.js?12e945,common/libs/login/script.min.js?2aa969:28)
  f (http://rs.modernavenue.com/??bower_components/requirejs/require.min.js?v2.3.2,common/res/js/config.min.js?ef414e,bower_components/jquery-legacy/jquery.min.js?v1.7.1,common/res/js/global.min.js?3788a1,common/libs/header/script.min.js?a20145,mall/libs/detail/script.min.js?12e945,common/libs/login/script.min.js?2aa969:20)
  fireWith (http://rs.modernavenue.com/??bower_components/requirejs/require.min.js?v2.3.2,common/res/js/config.min.js?ef414e,bower_components/jquery-legacy/jquery.min.js?v1.7.1,common/res/js/global.min.js?3788a1,common/libs/header/script.min.js?a20145,mall/libs/detail/script.min.js?12e945,common/libs/login/script.min.js?2aa969:20)
  r (http://rs.modernavenue.com/??bower_components/requirejs/require.min.js?v2.3.2,common/res/js/config.min.js?ef414e,bower_components/jquery-legacy/jquery.min.js?v1.7.1,common/res/js/global.min.js?3788a1,common/libs/header/script.min.js?a20145,mall/libs/detail/script.min.js?12e945,common/libs/login/script.min.js?2aa969:28)
  r (http://rs.modernavenue.com/??bower_components/requirejs/require.min.js?v2.3.2,common/res/js/config.min.js?ef414e,bower_components/jquery-legacy/jquery.min.js?v1.7.1,common/res/js/global.min.js?3788a1,common/libs/header/script.min.js?a20145,mall/libs/detail/script.min.js?12e945,common/libs/login/script.min.js?2aa969:28)

  phantomjs://platform/console++.js:263 in error
